[debug] [2020-07-23T16:02:02.857Z] ----------------------------------------------------------------------
[debug] [2020-07-23T16:02:02.859Z] Command:       C:\Program Files\nodejs\node.exe C:\Users\Percy\AppData\Roaming\npm\node_modules\firebase-tools\lib\bin\firebase.js init
[debug] [2020-07-23T16:02:02.859Z] CLI Version:   8.6.0
[debug] [2020-07-23T16:02:02.859Z] Platform:      win32
[debug] [2020-07-23T16:02:02.859Z] Node Version:  v12.15.0
[debug] [2020-07-23T16:02:02.860Z] Time:          Thu Jul 23 2020 21:32:02 GMT+0530 (India Standard Time)
[debug] [2020-07-23T16:02:02.860Z] ----------------------------------------------------------------------
[debug] [2020-07-23T16:02:02.860Z] 
[debug] [2020-07-23T16:02:02.866Z] > command requires scopes: ["email","openid","https://www.googleapis.com/auth/cloudplatformprojects.readonly","https://www.googleapis.com/auth/firebase","https://www.googleapis.com/auth/cloud-platform"]
[debug] [2020-07-23T16:02:02.866Z] > authorizing via signed-in user
[info] 
     ######## #### ########  ######## ########     ###     ######  ########
     ##        ##  ##     ## ##       ##     ##  ##   ##  ##       ##
     ######    ##  ########  ######   ########  #########  ######  ######
     ##        ##  ##    ##  ##       ##     ## ##     ##       ## ##
     ##       #### ##     ## ######## ########  ##     ##  ######  ########

You're about to initialize a Firebase project in this directory:

  D:\evernote 2.0\my-app

[info] 
=== Project Setup
[info] 
[info] First, let's associate this project directory with a Firebase project.
[info] You can create multiple project aliases by running firebase use --add, 
[info] but for now we'll just set up a default project.
[info] 
[debug] [2020-07-23T16:02:28.113Z] >>> HTTP REQUEST GET https://firebase.googleapis.com/v1beta1/projects?pageSize=100  
 
[debug] [2020-07-23T16:02:29.151Z] <<< HTTP RESPONSE 200 {"content-type":"application/json; charset=UTF-8","vary":"X-Origin, Referer, Origin,Accept-Encoding","date":"Thu, 23 Jul 2020 16:02:30 GMT","server":"ESF","cache-control":"private","x-xss-protection":"0","x-frame-options":"SAMEORIGIN","x-content-type-options":"nosniff","alt-svc":"h3-29=\":443\"; ma=2592000,h3-27=\":443\"; ma=2592000,h3-T050=\":443\"; ma=2592000,h3-Q050=\":443\"; ma=2592000,h3-Q046=\":443\"; ma=2592000,h3-Q043=\":443\"; ma=2592000,quic=\":443\"; ma=2592000; v=\"46,43\"","accept-ranges":"none","transfer-encoding":"chunked"}
[info] i  Using project biblography-6adfa (biblography) 
[info] 
=== Database Setup
[info] 
[info] Firebase Realtime Database Rules allow you to define how your data should be
[info] structured and when your data can be read from and written to.
[info] 
[debug] [2020-07-23T16:02:32.927Z] >>> HTTP REQUEST GET https://biblography-6adfa.firebaseio.com/.settings/rules.json  
 
[debug] [2020-07-23T16:02:35.084Z] <<< HTTP RESPONSE 200 {"server":"nginx","date":"Thu, 23 Jul 2020 16:02:35 GMT","content-type":"application/json; charset=utf-8","content-length":"161","connection":"keep-alive","access-control-allow-origin":"*","cache-control":"no-cache","strict-transport-security":"max-age=31556926; includeSubDomains; preload"}
